Copyright 1986-2021 Xilinx, Inc. All Rights Reserved.
-----------------------------------------------------------------------------------------------------------------------------------------------------------
| Tool Version : Vivado v.2021.1 (win64) Build 3247384 Thu Jun 10 19:36:33 MDT 2021
| Date         : Sat Apr 13 17:18:16 2024
| Host         : P1-02 running 64-bit major release  (build 9200)
| Command      : report_methodology -file Wrapper_methodology_drc_routed.rpt -pb Wrapper_methodology_drc_routed.pb -rpx Wrapper_methodology_drc_routed.rpx
| Design       : Wrapper
| Device       : xc7a100tcsg324-1
| Speed File   : -1
| Design State : Fully Routed
-----------------------------------------------------------------------------------------------------------------------------------------------------------

Report Methodology

Table of Contents
-----------------
1. REPORT SUMMARY
2. REPORT DETAILS

1. REPORT SUMMARY
-----------------
            Netlist: netlist
          Floorplan: design_1
      Design limits: <entire design considered>
             Max violations: <unlimited>
             Violations found: 218
+-----------+------------------+--------------------------------------------+------------+
| Rule      | Severity         | Description                                | Violations |
+-----------+------------------+--------------------------------------------+------------+
| TIMING-17 | Critical Warning | Non-clocked sequential cell                | 44         |
| SYNTH-6   | Warning          | Timing of a RAM block might be sub-optimal | 13         |
| SYNTH-13  | Warning          | combinational multiplier                   | 4          |
| TIMING-16 | Warning          | Large setup violation                      | 142        |
| TIMING-18 | Warning          | Missing input or output delay              | 15         |
+-----------+------------------+--------------------------------------------+------------+

2. REPORT DETAILS
-----------------
TIMING-17#1 Critical Warning
Non-clocked sequential cell  
The clock pin vga/Display/hPos_reg[0]/C is not reached by a timing clock
Related violations: <none>

TIMING-17#2 Critical Warning
Non-clocked sequential cell  
The clock pin vga/Display/hPos_reg[1]/C is not reached by a timing clock
Related violations: <none>

TIMING-17#3 Critical Warning
Non-clocked sequential cell  
The clock pin vga/Display/hPos_reg[2]/C is not reached by a timing clock
Related violations: <none>

TIMING-17#4 Critical Warning
Non-clocked sequential cell  
The clock pin vga/Display/hPos_reg[3]/C is not reached by a timing clock
Related violations: <none>

TIMING-17#5 Critical Warning
Non-clocked sequential cell  
The clock pin vga/Display/hPos_reg[4]/C is not reached by a timing clock
Related violations: <none>

TIMING-17#6 Critical Warning
Non-clocked sequential cell  
The clock pin vga/Display/hPos_reg[5]/C is not reached by a timing clock
Related violations: <none>

TIMING-17#7 Critical Warning
Non-clocked sequential cell  
The clock pin vga/Display/hPos_reg[6]/C is not reached by a timing clock
Related violations: <none>

TIMING-17#8 Critical Warning
Non-clocked sequential cell  
The clock pin vga/Display/hPos_reg[7]/C is not reached by a timing clock
Related violations: <none>

TIMING-17#9 Critical Warning
Non-clocked sequential cell  
The clock pin vga/Display/hPos_reg[8]/C is not reached by a timing clock
Related violations: <none>

TIMING-17#10 Critical Warning
Non-clocked sequential cell  
The clock pin vga/Display/hPos_reg[9]/C is not reached by a timing clock
Related violations: <none>

TIMING-17#11 Critical Warning
Non-clocked sequential cell  
The clock pin vga/Display/vPos_reg[0]/C is not reached by a timing clock
Related violations: <none>

TIMING-17#12 Critical Warning
Non-clocked sequential cell  
The clock pin vga/Display/vPos_reg[1]/C is not reached by a timing clock
Related violations: <none>

TIMING-17#13 Critical Warning
Non-clocked sequential cell  
The clock pin vga/Display/vPos_reg[2]/C is not reached by a timing clock
Related violations: <none>

TIMING-17#14 Critical Warning
Non-clocked sequential cell  
The clock pin vga/Display/vPos_reg[3]/C is not reached by a timing clock
Related violations: <none>

TIMING-17#15 Critical Warning
Non-clocked sequential cell  
The clock pin vga/Display/vPos_reg[4]/C is not reached by a timing clock
Related violations: <none>

TIMING-17#16 Critical Warning
Non-clocked sequential cell  
The clock pin vga/Display/vPos_reg[5]/C is not reached by a timing clock
Related violations: <none>

TIMING-17#17 Critical Warning
Non-clocked sequential cell  
The clock pin vga/Display/vPos_reg[6]/C is not reached by a timing clock
Related violations: <none>

TIMING-17#18 Critical Warning
Non-clocked sequential cell  
The clock pin vga/Display/vPos_reg[7]/C is not reached by a timing clock
Related violations: <none>

TIMING-17#19 Critical Warning
Non-clocked sequential cell  
The clock pin vga/Display/vPos_reg[8]/C is not reached by a timing clock
Related violations: <none>

TIMING-17#20 Critical Warning
Non-clocked sequential cell  
The clock pin vga/Display/vPos_reg[9]/C is not reached by a timing clock
Related violations: <none>

TIMING-17#21 Critical Warning
Non-clocked sequential cell  
The clock pin vga/ascii_reg[0]/C is not reached by a timing clock
Related violations: <none>

TIMING-17#22 Critical Warning
Non-clocked sequential cell  
The clock pin vga/ascii_reg[1]/C is not reached by a timing clock
Related violations: <none>

TIMING-17#23 Critical Warning
Non-clocked sequential cell  
The clock pin vga/ascii_reg[2]/C is not reached by a timing clock
Related violations: <none>

TIMING-17#24 Critical Warning
Non-clocked sequential cell  
The clock pin vga/ascii_reg[3]/C is not reached by a timing clock
Related violations: <none>

TIMING-17#25 Critical Warning
Non-clocked sequential cell  
The clock pin vga/ascii_reg[4]/C is not reached by a timing clock
Related violations: <none>

TIMING-17#26 Critical Warning
Non-clocked sequential cell  
The clock pin vga/ascii_reg[5]/C is not reached by a timing clock
Related violations: <none>

TIMING-17#27 Critical Warning
Non-clocked sequential cell  
The clock pin vga/ascii_reg[6]/C is not reached by a timing clock
Related violations: <none>

TIMING-17#28 Critical Warning
Non-clocked sequential cell  
The clock pin vga/counter_reg[0]/C is not reached by a timing clock
Related violations: <none>

TIMING-17#29 Critical Warning
Non-clocked sequential cell  
The clock pin vga/counter_reg[1]/C is not reached by a timing clock
Related violations: <none>

TIMING-17#30 Critical Warning
Non-clocked sequential cell  
The clock pin vga/data_out_reg[0]/C is not reached by a timing clock
Related violations: <none>

TIMING-17#31 Critical Warning
Non-clocked sequential cell  
The clock pin vga/data_out_reg[1]/C is not reached by a timing clock
Related violations: <none>

TIMING-17#32 Critical Warning
Non-clocked sequential cell  
The clock pin vga/data_out_reg[2]/C is not reached by a timing clock
Related violations: <none>

TIMING-17#33 Critical Warning
Non-clocked sequential cell  
The clock pin vga/data_out_reg[3]/C is not reached by a timing clock
Related violations: <none>

TIMING-17#34 Critical Warning
Non-clocked sequential cell  
The clock pin vga/data_out_reg[4]/C is not reached by a timing clock
Related violations: <none>

TIMING-17#35 Critical Warning
Non-clocked sequential cell  
The clock pin vga/data_out_reg[5]/C is not reached by a timing clock
Related violations: <none>

TIMING-17#36 Critical Warning
Non-clocked sequential cell  
The clock pin vga/data_out_reg[6]/C is not reached by a timing clock
Related violations: <none>

TIMING-17#37 Critical Warning
Non-clocked sequential cell  
The clock pin vga/data_out_reg[7]/C is not reached by a timing clock
Related violations: <none>

TIMING-17#38 Critical Warning
Non-clocked sequential cell  
The clock pin vga/last_ascii_reg[0]/C is not reached by a timing clock
Related violations: <none>

TIMING-17#39 Critical Warning
Non-clocked sequential cell  
The clock pin vga/last_ascii_reg[1]/C is not reached by a timing clock
Related violations: <none>

TIMING-17#40 Critical Warning
Non-clocked sequential cell  
The clock pin vga/last_ascii_reg[2]/C is not reached by a timing clock
Related violations: <none>

TIMING-17#41 Critical Warning
Non-clocked sequential cell  
The clock pin vga/last_ascii_reg[3]/C is not reached by a timing clock
Related violations: <none>

TIMING-17#42 Critical Warning
Non-clocked sequential cell  
The clock pin vga/last_ascii_reg[4]/C is not reached by a timing clock
Related violations: <none>

TIMING-17#43 Critical Warning
Non-clocked sequential cell  
The clock pin vga/last_ascii_reg[5]/C is not reached by a timing clock
Related violations: <none>

TIMING-17#44 Critical Warning
Non-clocked sequential cell  
The clock pin vga/last_ascii_reg[6]/C is not reached by a timing clock
Related violations: <none>

SYNTH-6#1 Warning
Timing of a RAM block might be sub-optimal  
The timing for the instance vga/ImageData/MemoryArray_reg_1_0, implemented as a RAM block, might be sub-optimal as no output register was merged into the block.
Related violations: <none>

SYNTH-6#2 Warning
Timing of a RAM block might be sub-optimal  
The timing for the instance vga/ImageData/MemoryArray_reg_1_1, implemented as a RAM block, might be sub-optimal as no output register was merged into the block.
Related violations: <none>

SYNTH-6#3 Warning
Timing of a RAM block might be sub-optimal  
The timing for the instance vga/ImageData/MemoryArray_reg_1_2, implemented as a RAM block, might be sub-optimal as no output register was merged into the block.
Related violations: <none>

SYNTH-6#4 Warning
Timing of a RAM block might be sub-optimal  
The timing for the instance vga/ImageData/MemoryArray_reg_1_3, implemented as a RAM block, might be sub-optimal as no output register was merged into the block.
Related violations: <none>

SYNTH-6#5 Warning
Timing of a RAM block might be sub-optimal  
The timing for the instance vga/ImageData/MemoryArray_reg_1_4, implemented as a RAM block, might be sub-optimal as no output register was merged into the block.
Related violations: <none>

SYNTH-6#6 Warning
Timing of a RAM block might be sub-optimal  
The timing for the instance vga/ImageData/MemoryArray_reg_1_5, implemented as a RAM block, might be sub-optimal as no output register was merged into the block.
Related violations: <none>

SYNTH-6#7 Warning
Timing of a RAM block might be sub-optimal  
The timing for the instance vga/ImageData/MemoryArray_reg_1_6, implemented as a RAM block, might be sub-optimal as no output register was merged into the block.
Related violations: <none>

SYNTH-6#8 Warning
Timing of a RAM block might be sub-optimal  
The timing for the instance vga/ImageData/MemoryArray_reg_1_7, implemented as a RAM block, might be sub-optimal as no output register was merged into the block.
Related violations: <none>

SYNTH-6#9 Warning
Timing of a RAM block might be sub-optimal  
The timing for the instance vga/ImageData/MemoryArray_reg_1_8, implemented as a RAM block, might be sub-optimal as no output register was merged into the block.
Related violations: <none>

SYNTH-6#10 Warning
Timing of a RAM block might be sub-optimal  
The timing for the instance vga/Sprites/MemoryArray_reg_1, implemented as a RAM block, might be sub-optimal as no output register was merged into the block.
Related violations: <none>

SYNTH-6#11 Warning
Timing of a RAM block might be sub-optimal  
The timing for the instance vga/Sprites/MemoryArray_reg_3, implemented as a RAM block, might be sub-optimal as no output register was merged into the block.
Related violations: <none>

SYNTH-6#12 Warning
Timing of a RAM block might be sub-optimal  
The timing for the instance vga/Sprites/MemoryArray_reg_5, implemented as a RAM block, might be sub-optimal as no output register was merged into the block.
Related violations: <none>

SYNTH-6#13 Warning
Timing of a RAM block might be sub-optimal  
The timing for the instance vga/Sprites/MemoryArray_reg_7, implemented as a RAM block, might be sub-optimal as no output register was merged into the block.
Related violations: <none>

SYNTH-13#1 Warning
combinational multiplier  
Detected combinational multiplier in DSP instance vga/address.
Related violations: <none>

SYNTH-13#2 Warning
combinational multiplier  
Detected combinational multiplier in DSP instance vga/address1.
Related violations: <none>

SYNTH-13#3 Warning
combinational multiplier  
Detected combinational multiplier in DSP instance vga/address__0.
Related violations: <none>

SYNTH-13#4 Warning
combinational multiplier  
Detected combinational multiplier in DSP instance vga/address__1.
Related violations: <none>

TIMING-16#1 Warning
Large setup violation  
There is a large setup violation of -10.014 ns between vga/ImageData/MemoryArray_reg_0_6/CLKARDCLK (clocked by sys_clk_pin) and vga/Sprites/MemoryArray_reg_7/ADDRARDADDR[6] (clocked by sys_clk_pin). Large setup violations at the end of those stages might be difficult to fix during the post-placement implementation flow and could be the result of non-optimal XDC constraints or non-optimal design architecture
Related violations: <none>

TIMING-16#2 Warning
Large setup violation  
There is a large setup violation of -10.015 ns between vga/ImageData/MemoryArray_reg_0_6/CLKARDCLK (clocked by sys_clk_pin) and vga/Sprites/MemoryArray_reg_4/ENARDEN (clocked by sys_clk_pin). Large setup violations at the end of those stages might be difficult to fix during the post-placement implementation flow and could be the result of non-optimal XDC constraints or non-optimal design architecture
Related violations: <none>

TIMING-16#3 Warning
Large setup violation  
There is a large setup violation of -10.024 ns between vga/ImageData/MemoryArray_reg_0_6/CLKARDCLK (clocked by sys_clk_pin) and vga/Sprites/MemoryArray_reg_3/ADDRARDADDR[13] (clocked by sys_clk_pin). Large setup violations at the end of those stages might be difficult to fix during the post-placement implementation flow and could be the result of non-optimal XDC constraints or non-optimal design architecture
Related violations: <none>

TIMING-16#4 Warning
Large setup violation  
There is a large setup violation of -10.053 ns between vga/ImageData/MemoryArray_reg_0_6/CLKARDCLK (clocked by sys_clk_pin) and vga/Sprites/MemoryArray_reg_7/ADDRARDADDR[3] (clocked by sys_clk_pin). Large setup violations at the end of those stages might be difficult to fix during the post-placement implementation flow and could be the result of non-optimal XDC constraints or non-optimal design architecture
Related violations: <none>

TIMING-16#5 Warning
Large setup violation  
There is a large setup violation of -10.075 ns between vga/ImageData/MemoryArray_reg_0_6/CLKARDCLK (clocked by sys_clk_pin) and vga/Sprites/MemoryArray_reg_3/ADDRARDADDR[5] (clocked by sys_clk_pin). Large setup violations at the end of those stages might be difficult to fix during the post-placement implementation flow and could be the result of non-optimal XDC constraints or non-optimal design architecture
Related violations: <none>

TIMING-16#6 Warning
Large setup violation  
There is a large setup violation of -10.079 ns between vga/ImageData/MemoryArray_reg_0_6/CLKARDCLK (clocked by sys_clk_pin) and vga/Sprites/MemoryArray_reg_7/ENARDEN (clocked by sys_clk_pin). Large setup violations at the end of those stages might be difficult to fix during the post-placement implementation flow and could be the result of non-optimal XDC constraints or non-optimal design architecture
Related violations: <none>

TIMING-16#7 Warning
Large setup violation  
There is a large setup violation of -10.100 ns between vga/ImageData/MemoryArray_reg_0_6/CLKARDCLK (clocked by sys_clk_pin) and vga/Sprites/MemoryArray_reg_3/ENARDEN (clocked by sys_clk_pin). Large setup violations at the end of those stages might be difficult to fix during the post-placement implementation flow and could be the result of non-optimal XDC constraints or non-optimal design architecture
Related violations: <none>

TIMING-16#8 Warning
Large setup violation  
There is a large setup violation of -10.110 ns between vga/ImageData/MemoryArray_reg_0_6/CLKARDCLK (clocked by sys_clk_pin) and vga/Sprites/MemoryArray_reg_3/ADDRARDADDR[6] (clocked by sys_clk_pin). Large setup violations at the end of those stages might be difficult to fix during the post-placement implementation flow and could be the result of non-optimal XDC constraints or non-optimal design architecture
Related violations: <none>

TIMING-16#9 Warning
Large setup violation  
There is a large setup violation of -10.173 ns between vga/ImageData/MemoryArray_reg_0_6/CLKARDCLK (clocked by sys_clk_pin) and vga/Sprites/MemoryArray_reg_6/ENARDEN (clocked by sys_clk_pin). Large setup violations at the end of those stages might be difficult to fix during the post-placement implementation flow and could be the result of non-optimal XDC constraints or non-optimal design architecture
Related violations: <none>

TIMING-16#10 Warning
Large setup violation  
There is a large setup violation of -10.244 ns between vga/ImageData/MemoryArray_reg_0_6/CLKARDCLK (clocked by sys_clk_pin) and vga/Sprites/MemoryArray_reg_2/ENARDEN (clocked by sys_clk_pin). Large setup violations at the end of those stages might be difficult to fix during the post-placement implementation flow and could be the result of non-optimal XDC constraints or non-optimal design architecture
Related violations: <none>

TIMING-16#11 Warning
Large setup violation  
There is a large setup violation of -10.283 ns between vga/ImageData/MemoryArray_reg_0_6/CLKARDCLK (clocked by sys_clk_pin) and vga/Sprites/MemoryArray_reg_7/ADDRARDADDR[7] (clocked by sys_clk_pin). Large setup violations at the end of those stages might be difficult to fix during the post-placement implementation flow and could be the result of non-optimal XDC constraints or non-optimal design architecture
Related violations: <none>

TIMING-16#12 Warning
Large setup violation  
There is a large setup violation of -10.307 ns between vga/ImageData/MemoryArray_reg_0_6/CLKARDCLK (clocked by sys_clk_pin) and vga/Sprites/MemoryArray_reg_0/ENARDEN (clocked by sys_clk_pin). Large setup violations at the end of those stages might be difficult to fix during the post-placement implementation flow and could be the result of non-optimal XDC constraints or non-optimal design architecture
Related violations: <none>

TIMING-16#13 Warning
Large setup violation  
There is a large setup violation of -10.340 ns between vga/ImageData/MemoryArray_reg_0_6/CLKARDCLK (clocked by sys_clk_pin) and vga/Sprites/MemoryArray_reg_3/ADDRARDADDR[7] (clocked by sys_clk_pin). Large setup violations at the end of those stages might be difficult to fix during the post-placement implementation flow and could be the result of non-optimal XDC constraints or non-optimal design architecture
Related violations: <none>

TIMING-16#14 Warning
Large setup violation  
There is a large setup violation of -8.473 ns between vga/ImageData/MemoryArray_reg_0_6/CLKARDCLK (clocked by sys_clk_pin) and vga/Sprites/MemoryArray_reg_mux_sel__0/D (clocked by sys_clk_pin). Large setup violations at the end of those stages might be difficult to fix during the post-placement implementation flow and could be the result of non-optimal XDC constraints or non-optimal design architecture
Related violations: <none>

TIMING-16#15 Warning
Large setup violation  
There is a large setup violation of -8.475 ns between vga/ImageData/MemoryArray_reg_0_6/CLKARDCLK (clocked by sys_clk_pin) and vga/Sprites/MemoryArray_reg_mux_sel/D (clocked by sys_clk_pin). Large setup violations at the end of those stages might be difficult to fix during the post-placement implementation flow and could be the result of non-optimal XDC constraints or non-optimal design architecture
Related violations: <none>

TIMING-16#16 Warning
Large setup violation  
There is a large setup violation of -8.644 ns between vga/ImageData/MemoryArray_reg_0_6/CLKARDCLK (clocked by sys_clk_pin) and vga/Sprites/vga/Sprites/MemoryArray_reg_2_cooolgate_en_gate_4_cooolDelFlop/D (clocked by sys_clk_pin). Large setup violations at the end of those stages might be difficult to fix during the post-placement implementation flow and could be the result of non-optimal XDC constraints or non-optimal design architecture
Related violations: <none>

TIMING-16#17 Warning
Large setup violation  
There is a large setup violation of -8.779 ns between vga/ImageData/MemoryArray_reg_0_6/CLKARDCLK (clocked by sys_clk_pin) and vga/Sprites/vga/Sprites/MemoryArray_reg_4_cooolgate_en_gate_7_cooolDelFlop/D (clocked by sys_clk_pin). Large setup violations at the end of those stages might be difficult to fix during the post-placement implementation flow and could be the result of non-optimal XDC constraints or non-optimal design architecture
Related violations: <none>

TIMING-16#18 Warning
Large setup violation  
There is a large setup violation of -9.255 ns between vga/ImageData/MemoryArray_reg_0_6/CLKARDCLK (clocked by sys_clk_pin) and vga/Sprites/vga/Sprites/MemoryArray_reg_0_cooolgate_en_gate_1_cooolDelFlop/D (clocked by sys_clk_pin). Large setup violations at the end of those stages might be difficult to fix during the post-placement implementation flow and could be the result of non-optimal XDC constraints or non-optimal design architecture
Related violations: <none>

TIMING-16#19 Warning
Large setup violation  
There is a large setup violation of -9.367 ns between vga/ImageData/MemoryArray_reg_0_6/CLKARDCLK (clocked by sys_clk_pin) and vga/Sprites/MemoryArray_reg_4/ADDRARDADDR[8] (clocked by sys_clk_pin). Large setup violations at the end of those stages might be difficult to fix during the post-placement implementation flow and could be the result of non-optimal XDC constraints or non-optimal design architecture
Related violations: <none>

TIMING-16#20 Warning
Large setup violation  
There is a large setup violation of -9.380 ns between vga/ImageData/MemoryArray_reg_0_6/CLKARDCLK (clocked by sys_clk_pin) and vga/Sprites/MemoryArray_reg_4/ADDRARDADDR[10] (clocked by sys_clk_pin). Large setup violations at the end of those stages might be difficult to fix during the post-placement implementation flow and could be the result of non-optimal XDC constraints or non-optimal design architecture
Related violations: <none>

TIMING-16#21 Warning
Large setup violation  
There is a large setup violation of -9.468 ns between vga/ImageData/MemoryArray_reg_0_6/CLKARDCLK (clocked by sys_clk_pin) and vga/Sprites/MemoryArray_reg_4/ADDRARDADDR[15] (clocked by sys_clk_pin). Large setup violations at the end of those stages might be difficult to fix during the post-placement implementation flow and could be the result of non-optimal XDC constraints or non-optimal design architecture
Related violations: <none>

TIMING-16#22 Warning
Large setup violation  
There is a large setup violation of -9.488 ns between vga/ImageData/MemoryArray_reg_0_6/CLKARDCLK (clocked by sys_clk_pin) and vga/Sprites/MemoryArray_reg_1/ADDRARDADDR[15] (clocked by sys_clk_pin). Large setup violations at the end of those stages might be difficult to fix during the post-placement implementation flow and could be the result of non-optimal XDC constraints or non-optimal design architecture
Related violations: <none>

TIMING-16#23 Warning
Large setup violation  
There is a large setup violation of -9.493 ns between vga/ImageData/MemoryArray_reg_0_6/CLKARDCLK (clocked by sys_clk_pin) and vga/Sprites/MemoryArray_reg_4/ADDRARDADDR[7] (clocked by sys_clk_pin). Large setup violations at the end of those stages might be difficult to fix during the post-placement implementation flow and could be the result of non-optimal XDC constraints or non-optimal design architecture
Related violations: <none>

TIMING-16#24 Warning
Large setup violation  
There is a large setup violation of -9.505 ns between vga/ImageData/MemoryArray_reg_0_6/CLKARDCLK (clocked by sys_clk_pin) and vga/Sprites/MemoryArray_reg_4/ADDRARDADDR[11] (clocked by sys_clk_pin). Large setup violations at the end of those stages might be difficult to fix during the post-placement implementation flow and could be the result of non-optimal XDC constraints or non-optimal design architecture
Related violations: <none>

TIMING-16#25 Warning
Large setup violation  
There is a large setup violation of -9.507 ns between vga/ImageData/MemoryArray_reg_0_6/CLKARDCLK (clocked by sys_clk_pin) and vga/Sprites/MemoryArray_reg_4/ADDRARDADDR[12] (clocked by sys_clk_pin). Large setup violations at the end of those stages might be difficult to fix during the post-placement implementation flow and could be the result of non-optimal XDC constraints or non-optimal design architecture
Related violations: <none>

TIMING-16#26 Warning
Large setup violation  
There is a large setup violation of -9.510 ns between vga/ImageData/MemoryArray_reg_0_6/CLKARDCLK (clocked by sys_clk_pin) and vga/Sprites/MemoryArray_reg_4/ADDRARDADDR[1] (clocked by sys_clk_pin). Large setup violations at the end of those stages might be difficult to fix during the post-placement implementation flow and could be the result of non-optimal XDC constraints or non-optimal design architecture
Related violations: <none>

TIMING-16#27 Warning
Large setup violation  
There is a large setup violation of -9.511 ns between vga/ImageData/MemoryArray_reg_0_6/CLKARDCLK (clocked by sys_clk_pin) and vga/Sprites/MemoryArray_reg_4/ADDRARDADDR[4] (clocked by sys_clk_pin). Large setup violations at the end of those stages might be difficult to fix during the post-placement implementation flow and could be the result of non-optimal XDC constraints or non-optimal design architecture
Related violations: <none>

TIMING-16#28 Warning
Large setup violation  
There is a large setup violation of -9.514 ns between vga/ImageData/MemoryArray_reg_0_6/CLKARDCLK (clocked by sys_clk_pin) and vga/Sprites/MemoryArray_reg_4/ADDRARDADDR[2] (clocked by sys_clk_pin). Large setup violations at the end of those stages might be difficult to fix during the post-placement implementation flow and could be the result of non-optimal XDC constraints or non-optimal design architecture
Related violations: <none>

TIMING-16#29 Warning
Large setup violation  
There is a large setup violation of -9.525 ns between vga/ImageData/MemoryArray_reg_0_6/CLKARDCLK (clocked by sys_clk_pin) and vga/Sprites/MemoryArray_reg_4/ADDRARDADDR[9] (clocked by sys_clk_pin). Large setup violations at the end of those stages might be difficult to fix during the post-placement implementation flow and could be the result of non-optimal XDC constraints or non-optimal design architecture
Related violations: <none>

TIMING-16#30 Warning
Large setup violation  
There is a large setup violation of -9.526 ns between vga/ImageData/MemoryArray_reg_0_6/CLKARDCLK (clocked by sys_clk_pin) and vga/Sprites/MemoryArray_reg_1/ADDRARDADDR[11] (clocked by sys_clk_pin). Large setup violations at the end of those stages might be difficult to fix during the post-placement implementation flow and could be the result of non-optimal XDC constraints or non-optimal design architecture
Related violations: <none>

TIMING-16#31 Warning
Large setup violation  
There is a large setup violation of -9.529 ns between vga/ImageData/MemoryArray_reg_0_6/CLKARDCLK (clocked by sys_clk_pin) and vga/Sprites/MemoryArray_reg_4/ADDRARDADDR[6] (clocked by sys_clk_pin). Large setup violations at the end of those stages might be difficult to fix during the post-placement implementation flow and could be the result of non-optimal XDC constraints or non-optimal design architecture
Related violations: <none>

TIMING-16#32 Warning
Large setup violation  
There is a large setup violation of -9.531 ns between vga/ImageData/MemoryArray_reg_0_6/CLKARDCLK (clocked by sys_clk_pin) and vga/Sprites/MemoryArray_reg_1/ADDRARDADDR[4] (clocked by sys_clk_pin). Large setup violations at the end of those stages might be difficult to fix during the post-placement implementation flow and could be the result of non-optimal XDC constraints or non-optimal design architecture
Related violations: <none>

TIMING-16#33 Warning
Large setup violation  
There is a large setup violation of -9.534 ns between vga/ImageData/MemoryArray_reg_0_6/CLKARDCLK (clocked by sys_clk_pin) and vga/Sprites/MemoryArray_reg_1/ADDRARDADDR[0] (clocked by sys_clk_pin). Large setup violations at the end of those stages might be difficult to fix during the post-placement implementation flow and could be the result of non-optimal XDC constraints or non-optimal design architecture
Related violations: <none>

TIMING-16#34 Warning
Large setup violation  
There is a large setup violation of -9.536 ns between vga/ImageData/MemoryArray_reg_0_6/CLKARDCLK (clocked by sys_clk_pin) and vga/Sprites/MemoryArray_reg_1/ADDRARDADDR[1] (clocked by sys_clk_pin). Large setup violations at the end of those stages might be difficult to fix during the post-placement implementation flow and could be the result of non-optimal XDC constraints or non-optimal design architecture
Related violations: <none>

TIMING-16#35 Warning
Large setup violation  
There is a large setup violation of -9.536 ns between vga/ImageData/MemoryArray_reg_0_6/CLKARDCLK (clocked by sys_clk_pin) and vga/Sprites/MemoryArray_reg_1/ADDRARDADDR[9] (clocked by sys_clk_pin). Large setup violations at the end of those stages might be difficult to fix during the post-placement implementation flow and could be the result of non-optimal XDC constraints or non-optimal design architecture
Related violations: <none>

TIMING-16#36 Warning
Large setup violation  
There is a large setup violation of -9.544 ns between vga/ImageData/MemoryArray_reg_0_6/CLKARDCLK (clocked by sys_clk_pin) and vga/Sprites/MemoryArray_reg_1/ADDRARDADDR[12] (clocked by sys_clk_pin). Large setup violations at the end of those stages might be difficult to fix during the post-placement implementation flow and could be the result of non-optimal XDC constraints or non-optimal design architecture
Related violations: <none>

TIMING-16#37 Warning
Large setup violation  
There is a large setup violation of -9.549 ns between vga/ImageData/MemoryArray_reg_0_6/CLKARDCLK (clocked by sys_clk_pin) and vga/Sprites/MemoryArray_reg_5/ADDRARDADDR[15] (clocked by sys_clk_pin). Large setup violations at the end of those stages might be difficult to fix during the post-placement implementation flow and could be the result of non-optimal XDC constraints or non-optimal design architecture
Related violations: <none>

TIMING-16#38 Warning
Large setup violation  
There is a large setup violation of -9.557 ns between vga/ImageData/MemoryArray_reg_0_6/CLKARDCLK (clocked by sys_clk_pin) and vga/Sprites/MemoryArray_reg_5/ADDRARDADDR[1] (clocked by sys_clk_pin). Large setup violations at the end of those stages might be difficult to fix during the post-placement implementation flow and could be the result of non-optimal XDC constraints or non-optimal design architecture
Related violations: <none>

TIMING-16#39 Warning
Large setup violation  
There is a large setup violation of -9.566 ns between vga/ImageData/MemoryArray_reg_0_6/CLKARDCLK (clocked by sys_clk_pin) and vga/Sprites/MemoryArray_reg_5/ADDRARDADDR[12] (clocked by sys_clk_pin). Large setup violations at the end of those stages might be difficult to fix during the post-placement implementation flow and could be the result of non-optimal XDC constraints or non-optimal design architecture
Related violations: <none>

TIMING-16#40 Warning
Large setup violation  
There is a large setup violation of -9.570 ns between vga/ImageData/MemoryArray_reg_0_6/CLKARDCLK (clocked by sys_clk_pin) and vga/Sprites/MemoryArray_reg_4/ADDRARDADDR[0] (clocked by sys_clk_pin). Large setup violations at the end of those stages might be difficult to fix during the post-placement implementation flow and could be the result of non-optimal XDC constraints or non-optimal design architecture
Related violations: <none>

TIMING-16#41 Warning
Large setup violation  
There is a large setup violation of -9.571 ns between vga/ImageData/MemoryArray_reg_0_6/CLKARDCLK (clocked by sys_clk_pin) and vga/Sprites/MemoryArray_reg_5/ADDRARDADDR[11] (clocked by sys_clk_pin). Large setup violations at the end of those stages might be difficult to fix during the post-placement implementation flow and could be the result of non-optimal XDC constraints or non-optimal design architecture
Related violations: <none>

TIMING-16#42 Warning
Large setup violation  
There is a large setup violation of -9.573 ns between vga/ImageData/MemoryArray_reg_0_6/CLKARDCLK (clocked by sys_clk_pin) and vga/Sprites/MemoryArray_reg_4/ADDRARDADDR[14] (clocked by sys_clk_pin). Large setup violations at the end of those stages might be difficult to fix during the post-placement implementation flow and could be the result of non-optimal XDC constraints or non-optimal design architecture
Related violations: <none>

TIMING-16#43 Warning
Large setup violation  
There is a large setup violation of -9.574 ns between vga/ImageData/MemoryArray_reg_0_6/CLKARDCLK (clocked by sys_clk_pin) and vga/Sprites/MemoryArray_reg_4/ADDRARDADDR[3] (clocked by sys_clk_pin). Large setup violations at the end of those stages might be difficult to fix during the post-placement implementation flow and could be the result of non-optimal XDC constraints or non-optimal design architecture
Related violations: <none>

TIMING-16#44 Warning
Large setup violation  
There is a large setup violation of -9.582 ns between vga/ImageData/MemoryArray_reg_0_6/CLKARDCLK (clocked by sys_clk_pin) and vga/Sprites/MemoryArray_reg_5/ADDRARDADDR[4] (clocked by sys_clk_pin). Large setup violations at the end of those stages might be difficult to fix during the post-placement implementation flow and could be the result of non-optimal XDC constraints or non-optimal design architecture
Related violations: <none>

TIMING-16#45 Warning
Large setup violation  
There is a large setup violation of -9.584 ns between vga/ImageData/MemoryArray_reg_0_6/CLKARDCLK (clocked by sys_clk_pin) and vga/Sprites/MemoryArray_reg_4/ADDRARDADDR[13] (clocked by sys_clk_pin). Large setup violations at the end of those stages might be difficult to fix during the post-placement implementation flow and could be the result of non-optimal XDC constraints or non-optimal design architecture
Related violations: <none>

TIMING-16#46 Warning
Large setup violation  
There is a large setup violation of -9.589 ns between vga/ImageData/MemoryArray_reg_0_6/CLKARDCLK (clocked by sys_clk_pin) and vga/Sprites/MemoryArray_reg_5/ADDRARDADDR[9] (clocked by sys_clk_pin). Large setup violations at the end of those stages might be difficult to fix during the post-placement implementation flow and could be the result of non-optimal XDC constraints or non-optimal design architecture
Related violations: <none>

TIMING-16#47 Warning
Large setup violation  
There is a large setup violation of -9.635 ns between vga/ImageData/MemoryArray_reg_0_6/CLKARDCLK (clocked by sys_clk_pin) and vga/Sprites/MemoryArray_reg_1/ADDRARDADDR[14] (clocked by sys_clk_pin). Large setup violations at the end of those stages might be difficult to fix during the post-placement implementation flow and could be the result of non-optimal XDC constraints or non-optimal design architecture
Related violations: <none>

TIMING-16#48 Warning
Large setup violation  
There is a large setup violation of -9.652 ns between vga/ImageData/MemoryArray_reg_0_6/CLKARDCLK (clocked by sys_clk_pin) and vga/Sprites/MemoryArray_reg_1/ADDRARDADDR[7] (clocked by sys_clk_pin). Large setup violations at the end of those stages might be difficult to fix during the post-placement implementation flow and could be the result of non-optimal XDC constraints or non-optimal design architecture
Related violations: <none>

TIMING-16#49 Warning
Large setup violation  
There is a large setup violation of -9.663 ns between vga/ImageData/MemoryArray_reg_0_6/CLKARDCLK (clocked by sys_clk_pin) and vga/Sprites/MemoryArray_reg_4/ADDRARDADDR[5] (clocked by sys_clk_pin). Large setup violations at the end of those stages might be difficult to fix during the post-placement implementation flow and could be the result of non-optimal XDC constraints or non-optimal design architecture
Related violations: <none>

TIMING-16#50 Warning
Large setup violation  
There is a large setup violation of -9.672 ns between vga/ImageData/MemoryArray_reg_0_6/CLKARDCLK (clocked by sys_clk_pin) and vga/Sprites/MemoryArray_reg_1/ADDRARDADDR[2] (clocked by sys_clk_pin). Large setup violations at the end of those stages might be difficult to fix during the post-placement implementation flow and could be the result of non-optimal XDC constraints or non-optimal design architecture
Related violations: <none>

TIMING-16#51 Warning
Large setup violation  
There is a large setup violation of -9.673 ns between vga/ImageData/MemoryArray_reg_0_6/CLKARDCLK (clocked by sys_clk_pin) and vga/Sprites/MemoryArray_reg_1/ADDRARDADDR[10] (clocked by sys_clk_pin). Large setup violations at the end of those stages might be difficult to fix during the post-placement implementation flow and could be the result of non-optimal XDC constraints or non-optimal design architecture
Related violations: <none>

TIMING-16#52 Warning
Large setup violation  
There is a large setup violation of -9.679 ns between vga/ImageData/MemoryArray_reg_0_6/CLKARDCLK (clocked by sys_clk_pin) and vga/Sprites/MemoryArray_reg_0/ADDRARDADDR[15] (clocked by sys_clk_pin). Large setup violations at the end of those stages might be difficult to fix during the post-placement implementation flow and could be the result of non-optimal XDC constraints or non-optimal design architecture
Related violations: <none>

TIMING-16#53 Warning
Large setup violation  
There is a large setup violation of -9.684 ns between vga/ImageData/MemoryArray_reg_0_6/CLKARDCLK (clocked by sys_clk_pin) and vga/Sprites/MemoryArray_reg_1/ADDRARDADDR[8] (clocked by sys_clk_pin). Large setup violations at the end of those stages might be difficult to fix during the post-placement implementation flow and could be the result of non-optimal XDC constraints or non-optimal design architecture
Related violations: <none>

TIMING-16#54 Warning
Large setup violation  
There is a large setup violation of -9.694 ns between vga/ImageData/MemoryArray_reg_0_6/CLKARDCLK (clocked by sys_clk_pin) and vga/Sprites/MemoryArray_reg_5/ADDRARDADDR[14] (clocked by sys_clk_pin). Large setup violations at the end of those stages might be difficult to fix during the post-placement implementation flow and could be the result of non-optimal XDC constraints or non-optimal design architecture
Related violations: <none>

TIMING-16#55 Warning
Large setup violation  
There is a large setup violation of -9.700 ns between vga/ImageData/MemoryArray_reg_0_6/CLKARDCLK (clocked by sys_clk_pin) and vga/Sprites/MemoryArray_reg_5/ADDRARDADDR[8] (clocked by sys_clk_pin). Large setup violations at the end of those stages might be difficult to fix during the post-placement implementation flow and could be the result of non-optimal XDC constraints or non-optimal design architecture
Related violations: <none>

TIMING-16#56 Warning
Large setup violation  
There is a large setup violation of -9.705 ns between vga/ImageData/MemoryArray_reg_0_6/CLKARDCLK (clocked by sys_clk_pin) and vga/Sprites/MemoryArray_reg_0/ADDRARDADDR[5] (clocked by sys_clk_pin). Large setup violations at the end of those stages might be difficult to fix during the post-placement implementation flow and could be the result of non-optimal XDC constraints or non-optimal design architecture
Related violations: <none>

TIMING-16#57 Warning
Large setup violation  
There is a large setup violation of -9.705 ns between vga/ImageData/MemoryArray_reg_0_6/CLKARDCLK (clocked by sys_clk_pin) and vga/Sprites/MemoryArray_reg_6/ADDRARDADDR[10] (clocked by sys_clk_pin). Large setup violations at the end of those stages might be difficult to fix during the post-placement implementation flow and could be the result of non-optimal XDC constraints or non-optimal design architecture
Related violations: <none>

TIMING-16#58 Warning
Large setup violation  
There is a large setup violation of -9.710 ns between vga/ImageData/MemoryArray_reg_0_6/CLKARDCLK (clocked by sys_clk_pin) and vga/Sprites/MemoryArray_reg_0/ADDRARDADDR[14] (clocked by sys_clk_pin). Large setup violations at the end of those stages might be difficult to fix during the post-placement implementation flow and could be the result of non-optimal XDC constraints or non-optimal design architecture
Related violations: <none>

TIMING-16#59 Warning
Large setup violation  
There is a large setup violation of -9.712 ns between vga/ImageData/MemoryArray_reg_0_6/CLKARDCLK (clocked by sys_clk_pin) and vga/Sprites/MemoryArray_reg_0/ADDRARDADDR[10] (clocked by sys_clk_pin). Large setup violations at the end of those stages might be difficult to fix during the post-placement implementation flow and could be the result of non-optimal XDC constraints or non-optimal design architecture
Related violations: <none>

TIMING-16#60 Warning
Large setup violation  
There is a large setup violation of -9.713 ns between vga/ImageData/MemoryArray_reg_0_6/CLKARDCLK (clocked by sys_clk_pin) and vga/Sprites/MemoryArray_reg_6/ADDRARDADDR[8] (clocked by sys_clk_pin). Large setup violations at the end of those stages might be difficult to fix during the post-placement implementation flow and could be the result of non-optimal XDC constraints or non-optimal design architecture
Related violations: <none>

TIMING-16#61 Warning
Large setup violation  
There is a large setup violation of -9.719 ns between vga/ImageData/MemoryArray_reg_0_6/CLKARDCLK (clocked by sys_clk_pin) and vga/Sprites/MemoryArray_reg_1/ADDRARDADDR[6] (clocked by sys_clk_pin). Large setup violations at the end of those stages might be difficult to fix during the post-placement implementation flow and could be the result of non-optimal XDC constraints or non-optimal design architecture
Related violations: <none>

TIMING-16#62 Warning
Large setup violation  
There is a large setup violation of -9.720 ns between vga/ImageData/MemoryArray_reg_0_6/CLKARDCLK (clocked by sys_clk_pin) and vga/Sprites/MemoryArray_reg_0/ADDRARDADDR[2] (clocked by sys_clk_pin). Large setup violations at the end of those stages might be difficult to fix during the post-placement implementation flow and could be the result of non-optimal XDC constraints or non-optimal design architecture
Related violations: <none>

TIMING-16#63 Warning
Large setup violation  
There is a large setup violation of -9.720 ns between vga/ImageData/MemoryArray_reg_0_6/CLKARDCLK (clocked by sys_clk_pin) and vga/Sprites/MemoryArray_reg_5/ADDRARDADDR[0] (clocked by sys_clk_pin). Large setup violations at the end of those stages might be difficult to fix during the post-placement implementation flow and could be the result of non-optimal XDC constraints or non-optimal design architecture
Related violations: <none>

TIMING-16#64 Warning
Large setup violation  
There is a large setup violation of -9.724 ns between vga/ImageData/MemoryArray_reg_0_6/CLKARDCLK (clocked by sys_clk_pin) and vga/Sprites/MemoryArray_reg_6/ADDRARDADDR[2] (clocked by sys_clk_pin). Large setup violations at the end of those stages might be difficult to fix during the post-placement implementation flow and could be the result of non-optimal XDC constraints or non-optimal design architecture
Related violations: <none>

TIMING-16#65 Warning
Large setup violation  
There is a large setup violation of -9.729 ns between vga/ImageData/MemoryArray_reg_0_6/CLKARDCLK (clocked by sys_clk_pin) and vga/Sprites/MemoryArray_reg_5/ADDRARDADDR[2] (clocked by sys_clk_pin). Large setup violations at the end of those stages might be difficult to fix during the post-placement implementation flow and could be the result of non-optimal XDC constraints or non-optimal design architecture
Related violations: <none>

TIMING-16#66 Warning
Large setup violation  
There is a large setup violation of -9.730 ns between vga/ImageData/MemoryArray_reg_0_6/CLKARDCLK (clocked by sys_clk_pin) and vga/Sprites/MemoryArray_reg_5/ADDRARDADDR[10] (clocked by sys_clk_pin). Large setup violations at the end of those stages might be difficult to fix during the post-placement implementation flow and could be the result of non-optimal XDC constraints or non-optimal design architecture
Related violations: <none>

TIMING-16#67 Warning
Large setup violation  
There is a large setup violation of -9.733 ns between vga/ImageData/MemoryArray_reg_0_6/CLKARDCLK (clocked by sys_clk_pin) and vga/Sprites/MemoryArray_reg_0/ADDRARDADDR[6] (clocked by sys_clk_pin). Large setup violations at the end of those stages might be difficult to fix during the post-placement implementation flow and could be the result of non-optimal XDC constraints or non-optimal design architecture
Related violations: <none>

TIMING-16#68 Warning
Large setup violation  
There is a large setup violation of -9.736 ns between vga/ImageData/MemoryArray_reg_0_6/CLKARDCLK (clocked by sys_clk_pin) and vga/Sprites/MemoryArray_reg_6/ADDRARDADDR[4] (clocked by sys_clk_pin). Large setup violations at the end of those stages might be difficult to fix during the post-placement implementation flow and could be the result of non-optimal XDC constraints or non-optimal design architecture
Related violations: <none>

TIMING-16#69 Warning
Large setup violation  
There is a large setup violation of -9.739 ns between vga/ImageData/MemoryArray_reg_0_6/CLKARDCLK (clocked by sys_clk_pin) and vga/Sprites/MemoryArray_reg_5/ADDRARDADDR[5] (clocked by sys_clk_pin). Large setup violations at the end of those stages might be difficult to fix during the post-placement implementation flow and could be the result of non-optimal XDC constraints or non-optimal design architecture
Related violations: <none>

TIMING-16#70 Warning
Large setup violation  
There is a large setup violation of -9.740 ns between vga/ImageData/MemoryArray_reg_0_6/CLKARDCLK (clocked by sys_clk_pin) and vga/Sprites/MemoryArray_reg_6/ADDRARDADDR[6] (clocked by sys_clk_pin). Large setup violations at the end of those stages might be difficult to fix during the post-placement implementation flow and could be the result of non-optimal XDC constraints or non-optimal design architecture
Related violations: <none>

TIMING-16#71 Warning
Large setup violation  
There is a large setup violation of -9.748 ns between vga/ImageData/MemoryArray_reg_0_6/CLKARDCLK (clocked by sys_clk_pin) and vga/Sprites/MemoryArray_reg_2/ADDRARDADDR[2] (clocked by sys_clk_pin). Large setup violations at the end of those stages might be difficult to fix during the post-placement implementation flow and could be the result of non-optimal XDC constraints or non-optimal design architecture
Related violations: <none>

TIMING-16#72 Warning
Large setup violation  
There is a large setup violation of -9.750 ns between vga/ImageData/MemoryArray_reg_0_6/CLKARDCLK (clocked by sys_clk_pin) and vga/Sprites/MemoryArray_reg_6/ADDRARDADDR[12] (clocked by sys_clk_pin). Large setup violations at the end of those stages might be difficult to fix during the post-placement implementation flow and could be the result of non-optimal XDC constraints or non-optimal design architecture
Related violations: <none>

TIMING-16#73 Warning
Large setup violation  
There is a large setup violation of -9.754 ns between vga/ImageData/MemoryArray_reg_0_6/CLKARDCLK (clocked by sys_clk_pin) and vga/Sprites/MemoryArray_reg_0/ADDRARDADDR[1] (clocked by sys_clk_pin). Large setup violations at the end of those stages might be difficult to fix during the post-placement implementation flow and could be the result of non-optimal XDC constraints or non-optimal design architecture
Related violations: <none>

TIMING-16#74 Warning
Large setup violation  
There is a large setup violation of -9.760 ns between vga/ImageData/MemoryArray_reg_0_6/CLKARDCLK (clocked by sys_clk_pin) and vga/Sprites/MemoryArray_reg_5/ADDRARDADDR[13] (clocked by sys_clk_pin). Large setup violations at the end of those stages might be difficult to fix during the post-placement implementation flow and could be the result of non-optimal XDC constraints or non-optimal design architecture
Related violations: <none>

TIMING-16#75 Warning
Large setup violation  
There is a large setup violation of -9.764 ns between vga/ImageData/MemoryArray_reg_0_6/CLKARDCLK (clocked by sys_clk_pin) and vga/Sprites/MemoryArray_reg_1/ADDRARDADDR[13] (clocked by sys_clk_pin). Large setup violations at the end of those stages might be difficult to fix during the post-placement implementation flow and could be the result of non-optimal XDC constraints or non-optimal design architecture
Related violations: <none>

TIMING-16#76 Warning
Large setup violation  
There is a large setup violation of -9.768 ns between vga/ImageData/MemoryArray_reg_0_6/CLKARDCLK (clocked by sys_clk_pin) and vga/Sprites/vga/Sprites/MemoryArray_reg_6_cooolgate_en_gate_10_cooolDelFlop/D (clocked by sys_clk_pin). Large setup violations at the end of those stages might be difficult to fix during the post-placement implementation flow and could be the result of non-optimal XDC constraints or non-optimal design architecture
Related violations: <none>

TIMING-16#77 Warning
Large setup violation  
There is a large setup violation of -9.772 ns between vga/ImageData/MemoryArray_reg_0_6/CLKARDCLK (clocked by sys_clk_pin) and vga/Sprites/MemoryArray_reg_1/ADDRARDADDR[5] (clocked by sys_clk_pin). Large setup violations at the end of those stages might be difficult to fix during the post-placement implementation flow and could be the result of non-optimal XDC constraints or non-optimal design architecture
Related violations: <none>

TIMING-16#78 Warning
Large setup violation  
There is a large setup violation of -9.773 ns between vga/ImageData/MemoryArray_reg_0_6/CLKARDCLK (clocked by sys_clk_pin) and vga/Sprites/MemoryArray_reg_2/ADDRARDADDR[12] (clocked by sys_clk_pin). Large setup violations at the end of those stages might be difficult to fix during the post-placement implementation flow and could be the result of non-optimal XDC constraints or non-optimal design architecture
Related violations: <none>

TIMING-16#79 Warning
Large setup violation  
There is a large setup violation of -9.780 ns between vga/ImageData/MemoryArray_reg_0_6/CLKARDCLK (clocked by sys_clk_pin) and vga/Sprites/MemoryArray_reg_0/ADDRARDADDR[8] (clocked by sys_clk_pin). Large setup violations at the end of those stages might be difficult to fix during the post-placement implementation flow and could be the result of non-optimal XDC constraints or non-optimal design architecture
Related violations: <none>

TIMING-16#80 Warning
Large setup violation  
There is a large setup violation of -9.782 ns between vga/ImageData/MemoryArray_reg_0_6/CLKARDCLK (clocked by sys_clk_pin) and vga/Sprites/MemoryArray_reg_2/ADDRARDADDR[10] (clocked by sys_clk_pin). Large setup violations at the end of those stages might be difficult to fix during the post-placement implementation flow and could be the result of non-optimal XDC constraints or non-optimal design architecture
Related violations: <none>

TIMING-16#81 Warning
Large setup violation  
There is a large setup violation of -9.787 ns between vga/ImageData/MemoryArray_reg_0_6/CLKARDCLK (clocked by sys_clk_pin) and vga/Sprites/MemoryArray_reg_6/ADDRARDADDR[15] (clocked by sys_clk_pin). Large setup violations at the end of those stages might be difficult to fix during the post-placement implementation flow and could be the result of non-optimal XDC constraints or non-optimal design architecture
Related violations: <none>

TIMING-16#82 Warning
Large setup violation  
There is a large setup violation of -9.789 ns between vga/ImageData/MemoryArray_reg_0_6/CLKARDCLK (clocked by sys_clk_pin) and vga/Sprites/MemoryArray_reg_2/ADDRARDADDR[4] (clocked by sys_clk_pin). Large setup violations at the end of those stages might be difficult to fix during the post-placement implementation flow and could be the result of non-optimal XDC constraints or non-optimal design architecture
Related violations: <none>

TIMING-16#83 Warning
Large setup violation  
There is a large setup violation of -9.797 ns between vga/ImageData/MemoryArray_reg_0_6/CLKARDCLK (clocked by sys_clk_pin) and vga/Sprites/MemoryArray_reg_5/ADDRARDADDR[6] (clocked by sys_clk_pin). Large setup violations at the end of those stages might be difficult to fix during the post-placement implementation flow and could be the result of non-optimal XDC constraints or non-optimal design architecture
Related violations: <none>

TIMING-16#84 Warning
Large setup violation  
There is a large setup violation of -9.807 ns between vga/ImageData/MemoryArray_reg_0_6/CLKARDCLK (clocked by sys_clk_pin) and vga/Sprites/MemoryArray_reg_2/ADDRARDADDR[8] (clocked by sys_clk_pin). Large setup violations at the end of those stages might be difficult to fix during the post-placement implementation flow and could be the result of non-optimal XDC constraints or non-optimal design architecture
Related violations: <none>

TIMING-16#85 Warning
Large setup violation  
There is a large setup violation of -9.813 ns between vga/ImageData/MemoryArray_reg_0_6/CLKARDCLK (clocked by sys_clk_pin) and vga/Sprites/MemoryArray_reg_1/ADDRARDADDR[3] (clocked by sys_clk_pin). Large setup violations at the end of those stages might be difficult to fix during the post-placement implementation flow and could be the result of non-optimal XDC constraints or non-optimal design architecture
Related violations: <none>

TIMING-16#86 Warning
Large setup violation  
There is a large setup violation of -9.815 ns between vga/ImageData/MemoryArray_reg_0_6/CLKARDCLK (clocked by sys_clk_pin) and vga/Sprites/MemoryArray_reg_6/ADDRARDADDR[14] (clocked by sys_clk_pin). Large setup violations at the end of those stages might be difficult to fix during the post-placement implementation flow and could be the result of non-optimal XDC constraints or non-optimal design architecture
Related violations: <none>

TIMING-16#87 Warning
Large setup violation  
There is a large setup violation of -9.818 ns between vga/ImageData/MemoryArray_reg_0_6/CLKARDCLK (clocked by sys_clk_pin) and vga/Sprites/MemoryArray_reg_6/ADDRARDADDR[1] (clocked by sys_clk_pin). Large setup violations at the end of those stages might be difficult to fix during the post-placement implementation flow and could be the result of non-optimal XDC constraints or non-optimal design architecture
Related violations: <none>

TIMING-16#88 Warning
Large setup violation  
There is a large setup violation of -9.826 ns between vga/ImageData/MemoryArray_reg_0_6/CLKARDCLK (clocked by sys_clk_pin) and vga/Sprites/MemoryArray_reg_6/ADDRARDADDR[11] (clocked by sys_clk_pin). Large setup violations at the end of those stages might be difficult to fix during the post-placement implementation flow and could be the result of non-optimal XDC constraints or non-optimal design architecture
Related violations: <none>

TIMING-16#89 Warning
Large setup violation  
There is a large setup violation of -9.827 ns between vga/ImageData/MemoryArray_reg_0_6/CLKARDCLK (clocked by sys_clk_pin) and vga/Sprites/MemoryArray_reg_6/ADDRARDADDR[9] (clocked by sys_clk_pin). Large setup violations at the end of those stages might be difficult to fix during the post-placement implementation flow and could be the result of non-optimal XDC constraints or non-optimal design architecture
Related violations: <none>

TIMING-16#90 Warning
Large setup violation  
There is a large setup violation of -9.831 ns between vga/ImageData/MemoryArray_reg_0_6/CLKARDCLK (clocked by sys_clk_pin) and vga/Sprites/MemoryArray_reg_0/ADDRARDADDR[3] (clocked by sys_clk_pin). Large setup violations at the end of those stages might be difficult to fix during the post-placement implementation flow and could be the result of non-optimal XDC constraints or non-optimal design architecture
Related violations: <none>

TIMING-16#91 Warning
Large setup violation  
There is a large setup violation of -9.832 ns between vga/ImageData/MemoryArray_reg_0_6/CLKARDCLK (clocked by sys_clk_pin) and vga/Sprites/MemoryArray_reg_0/ADDRARDADDR[7] (clocked by sys_clk_pin). Large setup violations at the end of those stages might be difficult to fix during the post-placement implementation flow and could be the result of non-optimal XDC constraints or non-optimal design architecture
Related violations: <none>

TIMING-16#92 Warning
Large setup violation  
There is a large setup violation of -9.843 ns between vga/ImageData/MemoryArray_reg_0_6/CLKARDCLK (clocked by sys_clk_pin) and vga/Sprites/MemoryArray_reg_5/ENARDEN (clocked by sys_clk_pin). Large setup violations at the end of those stages might be difficult to fix during the post-placement implementation flow and could be the result of non-optimal XDC constraints or non-optimal design architecture
Related violations: <none>

TIMING-16#93 Warning
Large setup violation  
There is a large setup violation of -9.844 ns between vga/ImageData/MemoryArray_reg_0_6/CLKARDCLK (clocked by sys_clk_pin) and vga/Sprites/MemoryArray_reg_6/ADDRARDADDR[0] (clocked by sys_clk_pin). Large setup violations at the end of those stages might be difficult to fix during the post-placement implementation flow and could be the result of non-optimal XDC constraints or non-optimal design architecture
Related violations: <none>

TIMING-16#94 Warning
Large setup violation  
There is a large setup violation of -9.846 ns between vga/ImageData/MemoryArray_reg_0_6/CLKARDCLK (clocked by sys_clk_pin) and vga/Sprites/MemoryArray_reg_5/ADDRARDADDR[7] (clocked by sys_clk_pin). Large setup violations at the end of those stages might be difficult to fix during the post-placement implementation flow and could be the result of non-optimal XDC constraints or non-optimal design architecture
Related violations: <none>

TIMING-16#95 Warning
Large setup violation  
There is a large setup violation of -9.850 ns between vga/ImageData/MemoryArray_reg_0_6/CLKARDCLK (clocked by sys_clk_pin) and vga/Sprites/MemoryArray_reg_0/ADDRARDADDR[4] (clocked by sys_clk_pin). Large setup violations at the end of those stages might be difficult to fix during the post-placement implementation flow and could be the result of non-optimal XDC constraints or non-optimal design architecture
Related violations: <none>

TIMING-16#96 Warning
Large setup violation  
There is a large setup violation of -9.855 ns between vga/ImageData/MemoryArray_reg_0_6/CLKARDCLK (clocked by sys_clk_pin) and vga/Sprites/MemoryArray_reg_0/ADDRARDADDR[9] (clocked by sys_clk_pin). Large setup violations at the end of those stages might be difficult to fix during the post-placement implementation flow and could be the result of non-optimal XDC constraints or non-optimal design architecture
Related violations: <none>

TIMING-16#97 Warning
Large setup violation  
There is a large setup violation of -9.857 ns between vga/ImageData/MemoryArray_reg_0_6/CLKARDCLK (clocked by sys_clk_pin) and vga/Sprites/MemoryArray_reg_0/ADDRARDADDR[0] (clocked by sys_clk_pin). Large setup violations at the end of those stages might be difficult to fix during the post-placement implementation flow and could be the result of non-optimal XDC constraints or non-optimal design architecture
Related violations: <none>

TIMING-16#98 Warning
Large setup violation  
There is a large setup violation of -9.857 ns between vga/ImageData/MemoryArray_reg_0_6/CLKARDCLK (clocked by sys_clk_pin) and vga/Sprites/MemoryArray_reg_0/ADDRARDADDR[11] (clocked by sys_clk_pin). Large setup violations at the end of those stages might be difficult to fix during the post-placement implementation flow and could be the result of non-optimal XDC constraints or non-optimal design architecture
Related violations: <none>

TIMING-16#99 Warning
Large setup violation  
There is a large setup violation of -9.859 ns between vga/ImageData/MemoryArray_reg_0_6/CLKARDCLK (clocked by sys_clk_pin) and vga/Sprites/MemoryArray_reg_6/ADDRARDADDR[13] (clocked by sys_clk_pin). Large setup violations at the end of those stages might be difficult to fix during the post-placement implementation flow and could be the result of non-optimal XDC constraints or non-optimal design architecture
Related violations: <none>

TIMING-16#100 Warning
Large setup violation  
There is a large setup violation of -9.860 ns between vga/ImageData/MemoryArray_reg_0_6/CLKARDCLK (clocked by sys_clk_pin) and vga/Sprites/MemoryArray_reg_2/ADDRARDADDR[0] (clocked by sys_clk_pin). Large setup violations at the end of those stages might be difficult to fix during the post-placement implementation flow and could be the result of non-optimal XDC constraints or non-optimal design architecture
Related violations: <none>

TIMING-16#101 Warning
Large setup violation  
There is a large setup violation of -9.862 ns between vga/ImageData/MemoryArray_reg_0_6/CLKARDCLK (clocked by sys_clk_pin) and vga/Sprites/MemoryArray_reg_2/ADDRARDADDR[11] (clocked by sys_clk_pin). Large setup violations at the end of those stages might be difficult to fix during the post-placement implementation flow and could be the result of non-optimal XDC constraints or non-optimal design architecture
Related violations: <none>

TIMING-16#102 Warning
Large setup violation  
There is a large setup violation of -9.863 ns between vga/ImageData/MemoryArray_reg_0_6/CLKARDCLK (clocked by sys_clk_pin) and vga/Sprites/MemoryArray_reg_0/ADDRARDADDR[12] (clocked by sys_clk_pin). Large setup violations at the end of those stages might be difficult to fix during the post-placement implementation flow and could be the result of non-optimal XDC constraints or non-optimal design architecture
Related violations: <none>

TIMING-16#103 Warning
Large setup violation  
There is a large setup violation of -9.863 ns between vga/ImageData/MemoryArray_reg_0_6/CLKARDCLK (clocked by sys_clk_pin) and vga/Sprites/MemoryArray_reg_6/ADDRARDADDR[5] (clocked by sys_clk_pin). Large setup violations at the end of those stages might be difficult to fix during the post-placement implementation flow and could be the result of non-optimal XDC constraints or non-optimal design architecture
Related violations: <none>

TIMING-16#104 Warning
Large setup violation  
There is a large setup violation of -9.865 ns between vga/ImageData/MemoryArray_reg_0_6/CLKARDCLK (clocked by sys_clk_pin) and vga/Sprites/MemoryArray_reg_7/ADDRARDADDR[1] (clocked by sys_clk_pin). Large setup violations at the end of those stages might be difficult to fix during the post-placement implementation flow and could be the result of non-optimal XDC constraints or non-optimal design architecture
Related violations: <none>

TIMING-16#105 Warning
Large setup violation  
There is a large setup violation of -9.869 ns between vga/ImageData/MemoryArray_reg_0_6/CLKARDCLK (clocked by sys_clk_pin) and vga/Sprites/MemoryArray_reg_5/ADDRARDADDR[3] (clocked by sys_clk_pin). Large setup violations at the end of those stages might be difficult to fix during the post-placement implementation flow and could be the result of non-optimal XDC constraints or non-optimal design architecture
Related violations: <none>

TIMING-16#106 Warning
Large setup violation  
There is a large setup violation of -9.870 ns between vga/ImageData/MemoryArray_reg_0_6/CLKARDCLK (clocked by sys_clk_pin) and vga/Sprites/MemoryArray_reg_7/ADDRARDADDR[15] (clocked by sys_clk_pin). Large setup violations at the end of those stages might be difficult to fix during the post-placement implementation flow and could be the result of non-optimal XDC constraints or non-optimal design architecture
Related violations: <none>

TIMING-16#107 Warning
Large setup violation  
There is a large setup violation of -9.872 ns between vga/ImageData/MemoryArray_reg_0_6/CLKARDCLK (clocked by sys_clk_pin) and vga/Sprites/MemoryArray_reg_0/ADDRARDADDR[13] (clocked by sys_clk_pin). Large setup violations at the end of those stages might be difficult to fix during the post-placement implementation flow and could be the result of non-optimal XDC constraints or non-optimal design architecture
Related violations: <none>

TIMING-16#108 Warning
Large setup violation  
There is a large setup violation of -9.872 ns between vga/ImageData/MemoryArray_reg_0_6/CLKARDCLK (clocked by sys_clk_pin) and vga/Sprites/MemoryArray_reg_7/ADDRARDADDR[12] (clocked by sys_clk_pin). Large setup violations at the end of those stages might be difficult to fix during the post-placement implementation flow and could be the result of non-optimal XDC constraints or non-optimal design architecture
Related violations: <none>

TIMING-16#109 Warning
Large setup violation  
There is a large setup violation of -9.873 ns between vga/ImageData/MemoryArray_reg_0_6/CLKARDCLK (clocked by sys_clk_pin) and vga/Sprites/MemoryArray_reg_6/ADDRARDADDR[3] (clocked by sys_clk_pin). Large setup violations at the end of those stages might be difficult to fix during the post-placement implementation flow and could be the result of non-optimal XDC constraints or non-optimal design architecture
Related violations: <none>

TIMING-16#110 Warning
Large setup violation  
There is a large setup violation of -9.878 ns between vga/ImageData/MemoryArray_reg_0_6/CLKARDCLK (clocked by sys_clk_pin) and vga/Sprites/MemoryArray_reg_7/ADDRARDADDR[4] (clocked by sys_clk_pin). Large setup violations at the end of those stages might be difficult to fix during the post-placement implementation flow and could be the result of non-optimal XDC constraints or non-optimal design architecture
Related violations: <none>

TIMING-16#111 Warning
Large setup violation  
There is a large setup violation of -9.883 ns between vga/ImageData/MemoryArray_reg_0_6/CLKARDCLK (clocked by sys_clk_pin) and vga/Sprites/MemoryArray_reg_7/ADDRARDADDR[14] (clocked by sys_clk_pin). Large setup violations at the end of those stages might be difficult to fix during the post-placement implementation flow and could be the result of non-optimal XDC constraints or non-optimal design architecture
Related violations: <none>

TIMING-16#112 Warning
Large setup violation  
There is a large setup violation of -9.884 ns between vga/ImageData/MemoryArray_reg_0_6/CLKARDCLK (clocked by sys_clk_pin) and vga/Sprites/MemoryArray_reg_7/ADDRARDADDR[9] (clocked by sys_clk_pin). Large setup violations at the end of those stages might be difficult to fix during the post-placement implementation flow and could be the result of non-optimal XDC constraints or non-optimal design architecture
Related violations: <none>

TIMING-16#113 Warning
Large setup violation  
There is a large setup violation of -9.885 ns between vga/ImageData/MemoryArray_reg_0_6/CLKARDCLK (clocked by sys_clk_pin) and vga/Sprites/MemoryArray_reg_3/ADDRARDADDR[3] (clocked by sys_clk_pin). Large setup violations at the end of those stages might be difficult to fix during the post-placement implementation flow and could be the result of non-optimal XDC constraints or non-optimal design architecture
Related violations: <none>

TIMING-16#114 Warning
Large setup violation  
There is a large setup violation of -9.886 ns between vga/ImageData/MemoryArray_reg_0_6/CLKARDCLK (clocked by sys_clk_pin) and vga/Sprites/MemoryArray_reg_7/ADDRARDADDR[11] (clocked by sys_clk_pin). Large setup violations at the end of those stages might be difficult to fix during the post-placement implementation flow and could be the result of non-optimal XDC constraints or non-optimal design architecture
Related violations: <none>

TIMING-16#115 Warning
Large setup violation  
There is a large setup violation of -9.891 ns between vga/ImageData/MemoryArray_reg_0_6/CLKARDCLK (clocked by sys_clk_pin) and vga/Sprites/MemoryArray_reg_7/ADDRARDADDR[13] (clocked by sys_clk_pin). Large setup violations at the end of those stages might be difficult to fix during the post-placement implementation flow and could be the result of non-optimal XDC constraints or non-optimal design architecture
Related violations: <none>

TIMING-16#116 Warning
Large setup violation  
There is a large setup violation of -9.895 ns between vga/ImageData/MemoryArray_reg_0_6/CLKARDCLK (clocked by sys_clk_pin) and vga/Sprites/MemoryArray_reg_7/ADDRARDADDR[8] (clocked by sys_clk_pin). Large setup violations at the end of those stages might be difficult to fix during the post-placement implementation flow and could be the result of non-optimal XDC constraints or non-optimal design architecture
Related violations: <none>

TIMING-16#117 Warning
Large setup violation  
There is a large setup violation of -9.898 ns between vga/ImageData/MemoryArray_reg_0_6/CLKARDCLK (clocked by sys_clk_pin) and vga/Sprites/MemoryArray_reg_2/ADDRARDADDR[13] (clocked by sys_clk_pin). Large setup violations at the end of those stages might be difficult to fix during the post-placement implementation flow and could be the result of non-optimal XDC constraints or non-optimal design architecture
Related violations: <none>

TIMING-16#118 Warning
Large setup violation  
There is a large setup violation of -9.903 ns between vga/ImageData/MemoryArray_reg_0_6/CLKARDCLK (clocked by sys_clk_pin) and vga/Sprites/MemoryArray_reg_7/ADDRARDADDR[10] (clocked by sys_clk_pin). Large setup violations at the end of those stages might be difficult to fix during the post-placement implementation flow and could be the result of non-optimal XDC constraints or non-optimal design architecture
Related violations: <none>

TIMING-16#119 Warning
Large setup violation  
There is a large setup violation of -9.905 ns between vga/ImageData/MemoryArray_reg_0_6/CLKARDCLK (clocked by sys_clk_pin) and vga/Sprites/MemoryArray_reg_2/ADDRARDADDR[1] (clocked by sys_clk_pin). Large setup violations at the end of those stages might be difficult to fix during the post-placement implementation flow and could be the result of non-optimal XDC constraints or non-optimal design architecture
Related violations: <none>

TIMING-16#120 Warning
Large setup violation  
There is a large setup violation of -9.905 ns between vga/ImageData/MemoryArray_reg_0_6/CLKARDCLK (clocked by sys_clk_pin) and vga/Sprites/MemoryArray_reg_2/ADDRARDADDR[3] (clocked by sys_clk_pin). Large setup violations at the end of those stages might be difficult to fix during the post-placement implementation flow and could be the result of non-optimal XDC constraints or non-optimal design architecture
Related violations: <none>

TIMING-16#121 Warning
Large setup violation  
There is a large setup violation of -9.909 ns between vga/ImageData/MemoryArray_reg_0_6/CLKARDCLK (clocked by sys_clk_pin) and vga/Sprites/MemoryArray_reg_7/ADDRARDADDR[5] (clocked by sys_clk_pin). Large setup violations at the end of those stages might be difficult to fix during the post-placement implementation flow and could be the result of non-optimal XDC constraints or non-optimal design architecture
Related violations: <none>

TIMING-16#122 Warning
Large setup violation  
There is a large setup violation of -9.911 ns between vga/ImageData/MemoryArray_reg_0_6/CLKARDCLK (clocked by sys_clk_pin) and vga/Sprites/MemoryArray_reg_2/ADDRARDADDR[14] (clocked by sys_clk_pin). Large setup violations at the end of those stages might be difficult to fix during the post-placement implementation flow and could be the result of non-optimal XDC constraints or non-optimal design architecture
Related violations: <none>

TIMING-16#123 Warning
Large setup violation  
There is a large setup violation of -9.913 ns between vga/ImageData/MemoryArray_reg_0_6/CLKARDCLK (clocked by sys_clk_pin) and vga/Sprites/MemoryArray_reg_7/ADDRARDADDR[0] (clocked by sys_clk_pin). Large setup violations at the end of those stages might be difficult to fix during the post-placement implementation flow and could be the result of non-optimal XDC constraints or non-optimal design architecture
Related violations: <none>

TIMING-16#124 Warning
Large setup violation  
There is a large setup violation of -9.918 ns between vga/ImageData/MemoryArray_reg_0_6/CLKARDCLK (clocked by sys_clk_pin) and vga/Sprites/MemoryArray_reg_2/ADDRARDADDR[15] (clocked by sys_clk_pin). Large setup violations at the end of those stages might be difficult to fix during the post-placement implementation flow and could be the result of non-optimal XDC constraints or non-optimal design architecture
Related violations: <none>

TIMING-16#125 Warning
Large setup violation  
There is a large setup violation of -9.918 ns between vga/ImageData/MemoryArray_reg_0_6/CLKARDCLK (clocked by sys_clk_pin) and vga/Sprites/MemoryArray_reg_2/ADDRARDADDR[9] (clocked by sys_clk_pin). Large setup violations at the end of those stages might be difficult to fix during the post-placement implementation flow and could be the result of non-optimal XDC constraints or non-optimal design architecture
Related violations: <none>

TIMING-16#126 Warning
Large setup violation  
There is a large setup violation of -9.927 ns between vga/ImageData/MemoryArray_reg_0_6/CLKARDCLK (clocked by sys_clk_pin) and vga/Sprites/MemoryArray_reg_2/ADDRARDADDR[6] (clocked by sys_clk_pin). Large setup violations at the end of those stages might be difficult to fix during the post-placement implementation flow and could be the result of non-optimal XDC constraints or non-optimal design architecture
Related violations: <none>

TIMING-16#127 Warning
Large setup violation  
There is a large setup violation of -9.929 ns between vga/ImageData/MemoryArray_reg_0_6/CLKARDCLK (clocked by sys_clk_pin) and vga/Sprites/MemoryArray_reg_3/ADDRARDADDR[11] (clocked by sys_clk_pin). Large setup violations at the end of those stages might be difficult to fix during the post-placement implementation flow and could be the result of non-optimal XDC constraints or non-optimal design architecture
Related violations: <none>

TIMING-16#128 Warning
Large setup violation  
There is a large setup violation of -9.934 ns between vga/ImageData/MemoryArray_reg_0_6/CLKARDCLK (clocked by sys_clk_pin) and vga/Sprites/MemoryArray_reg_3/ADDRARDADDR[9] (clocked by sys_clk_pin). Large setup violations at the end of those stages might be difficult to fix during the post-placement implementation flow and could be the result of non-optimal XDC constraints or non-optimal design architecture
Related violations: <none>

TIMING-16#129 Warning
Large setup violation  
There is a large setup violation of -9.934 ns between vga/ImageData/MemoryArray_reg_0_6/CLKARDCLK (clocked by sys_clk_pin) and vga/Sprites/MemoryArray_reg_7/ADDRARDADDR[2] (clocked by sys_clk_pin). Large setup violations at the end of those stages might be difficult to fix during the post-placement implementation flow and could be the result of non-optimal XDC constraints or non-optimal design architecture
Related violations: <none>

TIMING-16#130 Warning
Large setup violation  
There is a large setup violation of -9.942 ns between vga/ImageData/MemoryArray_reg_0_6/CLKARDCLK (clocked by sys_clk_pin) and vga/Sprites/MemoryArray_reg_3/ADDRARDADDR[10] (clocked by sys_clk_pin). Large setup violations at the end of those stages might be difficult to fix during the post-placement implementation flow and could be the result of non-optimal XDC constraints or non-optimal design architecture
Related violations: <none>

TIMING-16#131 Warning
Large setup violation  
There is a large setup violation of -9.942 ns between vga/ImageData/MemoryArray_reg_0_6/CLKARDCLK (clocked by sys_clk_pin) and vga/Sprites/MemoryArray_reg_3/ADDRARDADDR[8] (clocked by sys_clk_pin). Large setup violations at the end of those stages might be difficult to fix during the post-placement implementation flow and could be the result of non-optimal XDC constraints or non-optimal design architecture
Related violations: <none>

TIMING-16#132 Warning
Large setup violation  
There is a large setup violation of -9.943 ns between vga/ImageData/MemoryArray_reg_0_6/CLKARDCLK (clocked by sys_clk_pin) and vga/Sprites/MemoryArray_reg_6/ADDRARDADDR[7] (clocked by sys_clk_pin). Large setup violations at the end of those stages might be difficult to fix during the post-placement implementation flow and could be the result of non-optimal XDC constraints or non-optimal design architecture
Related violations: <none>

TIMING-16#133 Warning
Large setup violation  
There is a large setup violation of -9.945 ns between vga/ImageData/MemoryArray_reg_0_6/CLKARDCLK (clocked by sys_clk_pin) and vga/Sprites/MemoryArray_reg_3/ADDRARDADDR[0] (clocked by sys_clk_pin). Large setup violations at the end of those stages might be difficult to fix during the post-placement implementation flow and could be the result of non-optimal XDC constraints or non-optimal design architecture
Related violations: <none>

TIMING-16#134 Warning
Large setup violation  
There is a large setup violation of -9.947 ns between vga/ImageData/MemoryArray_reg_0_6/CLKARDCLK (clocked by sys_clk_pin) and vga/Sprites/MemoryArray_reg_3/ADDRARDADDR[12] (clocked by sys_clk_pin). Large setup violations at the end of those stages might be difficult to fix during the post-placement implementation flow and could be the result of non-optimal XDC constraints or non-optimal design architecture
Related violations: <none>

TIMING-16#135 Warning
Large setup violation  
There is a large setup violation of -9.964 ns between vga/ImageData/MemoryArray_reg_0_6/CLKARDCLK (clocked by sys_clk_pin) and vga/Sprites/MemoryArray_reg_3/ADDRARDADDR[1] (clocked by sys_clk_pin). Large setup violations at the end of those stages might be difficult to fix during the post-placement implementation flow and could be the result of non-optimal XDC constraints or non-optimal design architecture
Related violations: <none>

TIMING-16#136 Warning
Large setup violation  
There is a large setup violation of -9.969 ns between vga/ImageData/MemoryArray_reg_0_6/CLKARDCLK (clocked by sys_clk_pin) and vga/Sprites/MemoryArray_reg_2/ADDRARDADDR[5] (clocked by sys_clk_pin). Large setup violations at the end of those stages might be difficult to fix during the post-placement implementation flow and could be the result of non-optimal XDC constraints or non-optimal design architecture
Related violations: <none>

TIMING-16#137 Warning
Large setup violation  
There is a large setup violation of -9.970 ns between vga/ImageData/MemoryArray_reg_0_6/CLKARDCLK (clocked by sys_clk_pin) and vga/Sprites/MemoryArray_reg_3/ADDRARDADDR[14] (clocked by sys_clk_pin). Large setup violations at the end of those stages might be difficult to fix during the post-placement implementation flow and could be the result of non-optimal XDC constraints or non-optimal design architecture
Related violations: <none>

TIMING-16#138 Warning
Large setup violation  
There is a large setup violation of -9.981 ns between vga/ImageData/MemoryArray_reg_0_6/CLKARDCLK (clocked by sys_clk_pin) and vga/Sprites/MemoryArray_reg_1/ENARDEN (clocked by sys_clk_pin). Large setup violations at the end of those stages might be difficult to fix during the post-placement implementation flow and could be the result of non-optimal XDC constraints or non-optimal design architecture
Related violations: <none>

TIMING-16#139 Warning
Large setup violation  
There is a large setup violation of -9.987 ns between vga/ImageData/MemoryArray_reg_0_6/CLKARDCLK (clocked by sys_clk_pin) and vga/Sprites/MemoryArray_reg_3/ADDRARDADDR[15] (clocked by sys_clk_pin). Large setup violations at the end of those stages might be difficult to fix during the post-placement implementation flow and could be the result of non-optimal XDC constraints or non-optimal design architecture
Related violations: <none>

TIMING-16#140 Warning
Large setup violation  
There is a large setup violation of -9.989 ns between vga/ImageData/MemoryArray_reg_0_6/CLKARDCLK (clocked by sys_clk_pin) and vga/Sprites/MemoryArray_reg_3/ADDRARDADDR[2] (clocked by sys_clk_pin). Large setup violations at the end of those stages might be difficult to fix during the post-placement implementation flow and could be the result of non-optimal XDC constraints or non-optimal design architecture
Related violations: <none>

TIMING-16#141 Warning
Large setup violation  
There is a large setup violation of -9.991 ns between vga/ImageData/MemoryArray_reg_0_6/CLKARDCLK (clocked by sys_clk_pin) and vga/Sprites/MemoryArray_reg_3/ADDRARDADDR[4] (clocked by sys_clk_pin). Large setup violations at the end of those stages might be difficult to fix during the post-placement implementation flow and could be the result of non-optimal XDC constraints or non-optimal design architecture
Related violations: <none>

TIMING-16#142 Warning
Large setup violation  
There is a large setup violation of -9.998 ns between vga/ImageData/MemoryArray_reg_0_6/CLKARDCLK (clocked by sys_clk_pin) and vga/Sprites/MemoryArray_reg_2/ADDRARDADDR[7] (clocked by sys_clk_pin). Large setup violations at the end of those stages might be difficult to fix during the post-placement implementation flow and could be the result of non-optimal XDC constraints or non-optimal design architecture
Related violations: <none>

TIMING-18#1 Warning
Missing input or output delay  
An input delay is missing on CPU_RESETN relative to clock(s) sys_clk_pin
Related violations: <none>

TIMING-18#2 Warning
Missing input or output delay  
An input delay is missing on PS2_CLK relative to clock(s) sys_clk_pin
Related violations: <none>

TIMING-18#3 Warning
Missing input or output delay  
An input delay is missing on PS2_DATA relative to clock(s) sys_clk_pin
Related violations: <none>

TIMING-18#4 Warning
Missing input or output delay  
An output delay is missing on VGA_B[0] relative to clock(s) sys_clk_pin
Related violations: <none>

TIMING-18#5 Warning
Missing input or output delay  
An output delay is missing on VGA_B[1] relative to clock(s) sys_clk_pin
Related violations: <none>

TIMING-18#6 Warning
Missing input or output delay  
An output delay is missing on VGA_B[2] relative to clock(s) sys_clk_pin
Related violations: <none>

TIMING-18#7 Warning
Missing input or output delay  
An output delay is missing on VGA_B[3] relative to clock(s) sys_clk_pin
Related violations: <none>

TIMING-18#8 Warning
Missing input or output delay  
An output delay is missing on VGA_G[0] relative to clock(s) sys_clk_pin
Related violations: <none>

TIMING-18#9 Warning
Missing input or output delay  
An output delay is missing on VGA_G[1] relative to clock(s) sys_clk_pin
Related violations: <none>

TIMING-18#10 Warning
Missing input or output delay  
An output delay is missing on VGA_G[2] relative to clock(s) sys_clk_pin
Related violations: <none>

TIMING-18#11 Warning
Missing input or output delay  
An output delay is missing on VGA_G[3] relative to clock(s) sys_clk_pin
Related violations: <none>

TIMING-18#12 Warning
Missing input or output delay  
An output delay is missing on VGA_R[0] relative to clock(s) sys_clk_pin
Related violations: <none>

TIMING-18#13 Warning
Missing input or output delay  
An output delay is missing on VGA_R[1] relative to clock(s) sys_clk_pin
Related violations: <none>

TIMING-18#14 Warning
Missing input or output delay  
An output delay is missing on VGA_R[2] relative to clock(s) sys_clk_pin
Related violations: <none>

TIMING-18#15 Warning
Missing input or output delay  
An output delay is missing on VGA_R[3] relative to clock(s) sys_clk_pin
Related violations: <none>


