Copyright 1986-2021 Xilinx, Inc. All Rights Reserved.
------------------------------------------------------------------------------------
| Tool Version : Vivado v.2021.1 (win64) Build 3247384 Thu Jun 10 19:36:33 MDT 2021
| Date         : Wed Apr 10 15:24:51 2024
| Host         : P2-01 running 64-bit major release  (build 9200)
| Command      : report_control_sets -verbose -file Wrapper_control_sets_placed.rpt
| Design       : Wrapper
| Device       : xc7a100t
------------------------------------------------------------------------------------

Control Set Information

Table of Contents
-----------------
1. Summary
2. Histogram
3. Flip-Flop Distribution
4. Detailed Control Set Information

1. Summary
----------

+----------------------------------------------------------+-------+
|                          Status                          | Count |
+----------------------------------------------------------+-------+
| Total control sets                                       |    10 |
|    Minimum number of control sets                        |    10 |
|    Addition due to synthesis replication                 |     0 |
|    Addition due to physical synthesis replication        |     0 |
| Unused register locations in slices containing registers |    36 |
+----------------------------------------------------------+-------+
* Control sets can be merged at opt_design using control_set_merge or merge_equivalent_drivers
** Run report_qor_suggestions for automated merging and remapping suggestions


2. Histogram
------------

+--------------------+-------+
|       Fanout       | Count |
+--------------------+-------+
| Total control sets |    10 |
| >= 0 to < 4        |     1 |
| >= 4 to < 6        |     1 |
| >= 6 to < 8        |     1 |
| >= 8 to < 10       |     2 |
| >= 10 to < 12      |     3 |
| >= 12 to < 14      |     0 |
| >= 14 to < 16      |     0 |
| >= 16              |     2 |
+--------------------+-------+
* Control sets can be remapped at either synth_design or opt_design


3. Flip-Flop Distribution
-------------------------

+--------------+-----------------------+------------------------+-----------------+--------------+
| Clock Enable | Synchronous Set/Reset | Asynchronous Set/Reset | Total Registers | Total Slices |
+--------------+-----------------------+------------------------+-----------------+--------------+
| No           | No                    | No                     |              49 |           15 |
| No           | No                    | Yes                    |              16 |            4 |
| No           | Yes                   | No                     |               0 |            0 |
| Yes          | No                    | No                     |              21 |            4 |
| Yes          | No                    | Yes                    |              10 |            3 |
| Yes          | Yes                   | No                     |               4 |            1 |
+--------------+-----------------------+------------------------+-----------------+--------------+


4. Detailed Control Set Information
-----------------------------------

+---------------------+---------------------+------------------------+------------------+----------------+--------------+
|     Clock Signal    |    Enable Signal    |    Set/Reset Signal    | Slice Load Count | Bel Load Count | Bels / Slice |
+---------------------+---------------------+------------------------+------------------+----------------+--------------+
|  clk_IBUF_BUFG      | CPU_RESETN_IBUF     |                        |                1 |              3 |         3.00 |
|  clk_IBUF_BUFG      | vga/p1/shift_frame  | vga/p1/reset_bit_count |                1 |              4 |         4.00 |
|  clk_IBUF_BUFG      |                     | vga/Display/AR[0]      |                1 |              6 |         6.00 |
|  clk_IBUF_BUFG      | vga/p1/load_rx_data |                        |                1 |              8 |         8.00 |
|  vga/p1/CLK         |                     |                        |                1 |              8 |         8.00 |
|  clk_IBUF_BUFG      | vga/p1/shift_frame  |                        |                2 |             10 |         5.00 |
|  vga/clk25          |                     | vga/Display/AR[0]      |                3 |             10 |         3.33 |
|  vga/clk25          | vga/Display/vPos    | vga/Display/AR[0]      |                3 |             10 |         3.33 |
|  vga/ImageData/E[0] |                     |                        |                5 |             18 |         3.60 |
|  clk_IBUF_BUFG      |                     |                        |                9 |             23 |         2.56 |
+---------------------+---------------------+------------------------+------------------+----------------+--------------+


